<?xml version="1.0" encoding="UTF-8"?>
<!-- Generated by org.testng.reporters.JUnitReportReporter -->
<testsuite hostname="Hieu" failures="0" tests="1" name="hieucode.SubmitOrderTest" time="12.847" errors="0" timestamp="2024-03-31T22:37:36 ICT" skipped="0">
  <testcase classname="hieucode.SubmitOrderTest" name="submitOrder" time="12.847"/>
  <system-out/>
</testsuite> <!-- hieucode.SubmitOrderTest -->
