<?xml version="1.0" encoding="UTF-8"?>
<!-- Generated by org.testng.reporters.JUnitReportReporter -->
<testsuite hostname="Hieu" failures="0" tests="1" name="rahulshettyacademy.SubmitOrderTest" time="14.628" errors="0" timestamp="2024-03-12T08:49:49 ICT" skipped="0">
  <testcase classname="rahulshettyacademy.SubmitOrderTest" name="submitOrder" time="14.628"/>
  <system-out/>
</testsuite> <!-- rahulshettyacademy.SubmitOrderTest -->
